SF:lib\models\expense.dart
DA:20,2
DA:30,1
DA:31,1
DA:32,1
DA:33,1
DA:34,1
DA:35,2
DA:36,1
DA:37,2
DA:38,1
DA:42,1
DA:43,1
DA:44,1
DA:45,1
DA:46,1
DA:47,2
DA:48,1
DA:49,2
DA:50,1
DA:54,2
DA:63,2
DA:64,2
DA:65,0
DA:66,0
DA:67,2
DA:68,2
DA:69,2
DA:70,2
LF:28
LH:26
end_of_record
SF:lib\models\category.dart
DA:9,1
DA:16,3
DA:17,1
DA:23,1
DA:29,1
DA:35,1
DA:41,1
DA:47,1
DA:53,1
DA:61,0
DA:62,0
DA:63,0
DA:64,0
DA:65,0
DA:66,0
DA:70,0
DA:71,0
DA:72,0
DA:73,0
DA:74,0
DA:75,0
DA:76,0
DA:77,0
DA:78,0
DA:79,0
LF:25
LH:9
end_of_record
SF:lib\providers\expense_provider.dart
DA:11,6
DA:12,0
DA:13,0
DA:16,1
DA:17,1
DA:19,1
DA:20,1
DA:23,1
DA:24,0
DA:27,0
DA:28,0
DA:29,0
DA:30,0
DA:34,0
DA:35,0
DA:38,0
DA:41,0
DA:42,0
DA:43,0
DA:47,1
DA:49,1
DA:50,0
DA:51,0
DA:53,0
DA:55,3
DA:59,0
DA:60,0
DA:61,0
DA:62,0
DA:67,0
DA:70,0
DA:71,0
DA:76,0
DA:79,0
DA:80,0
DA:85,0
DA:88,0
DA:89,0
DA:94,0
DA:97,0
DA:98,0
DA:103,0
DA:110,2
DA:111,2
DA:112,5
DA:113,5
DA:117,2
DA:118,2
DA:119,5
DA:120,5
DA:124,2
DA:125,6
DA:129,2
DA:130,4
DA:131,4
DA:135,1
DA:136,3
DA:137,4
DA:138,4
DA:139,1
DA:142,0
DA:143,0
DA:144,0
DA:145,0
DA:148,0
DA:149,0
DA:150,0
DA:151,0
DA:154,0
DA:155,0
DA:158,0
DA:159,0
DA:160,0
DA:161,0
DA:164,0
DA:165,0
DA:167,0
DA:168,0
DA:169,0
DA:170,0
DA:172,0
DA:180,1
DA:181,2
DA:182,1
DA:183,1
DA:187,1
DA:188,5
DA:189,2
DA:190,2
DA:191,1
DA:192,1
DA:197,1
DA:198,5
DA:199,1
DA:200,1
DA:204,1
DA:206,5
DA:213,1
DA:214,2
DA:215,1
DA:216,1
DA:220,0
DA:221,0
DA:225,0
DA:227,0
DA:228,0
DA:229,0
DA:230,0
DA:232,0
DA:233,0
DA:235,0
LF:111
LH:47
end_of_record
SF:lib\main.dart
DA:6,0
DA:7,0
DA:11,1
DA:13,1
DA:14,1
DA:21,1
DA:23,1
DA:24,2
DA:25,1
DA:28,1
DA:29,2
DA:30,0
DA:31,0
DA:35,1
DA:38,1
DA:39,1
DA:41,1
DA:42,1
DA:43,1
DA:45,1
DA:50,1
DA:52,1
DA:54,1
DA:65,0
DA:66,0
DA:67,0
DA:69,0
DA:72,0
DA:73,0
DA:79,0
DA:81,0
DA:82,0
DA:85,0
DA:86,0
DA:87,0
DA:92,0
LF:36
LH:19
end_of_record
SF:lib\routes\app_routes.dart
DA:15,0
DA:17,0
DA:18,0
DA:21,0
DA:23,0
DA:26,0
DA:28,0
DA:31,0
DA:33,0
DA:36,0
DA:38,0
DA:41,0
DA:42,0
DA:43,0
DA:47,0
DA:48,0
DA:49,0
LF:17
LH:0
end_of_record
SF:lib\screens\home_screen.dart
DA:10,2
DA:12,1
DA:14,1
DA:15,1
DA:19,1
DA:20,1
DA:22,1
DA:23,1
DA:24,1
DA:25,1
DA:26,1
DA:27,1
DA:28,1
DA:30,1
DA:31,1
DA:33,1
DA:35,1
DA:36,0
DA:37,1
DA:38,1
DA:42,1
DA:43,1
DA:44,1
DA:45,0
DA:46,1
DA:47,0
DA:48,3
DA:52,1
DA:53,1
DA:54,1
DA:55,1
DA:56,1
DA:62,1
DA:64,1
DA:65,1
DA:67,1
DA:75,1
DA:77,1
DA:83,1
DA:84,1
DA:87,1
DA:96,1
DA:97,2
DA:104,1
DA:106,1
DA:107,1
DA:118,1
DA:120,1
DA:121,1
DA:122,1
DA:123,1
DA:124,1
DA:125,1
DA:126,0
DA:127,1
DA:128,1
DA:130,1
DA:132,1
DA:133,1
DA:135,1
DA:136,1
DA:137,1
DA:138,1
DA:139,1
DA:150,1
DA:152,1
DA:158,1
DA:159,1
DA:162,1
DA:163,1
DA:166,1
DA:170,1
DA:172,1
DA:174,2
DA:185,1
DA:186,1
DA:187,1
DA:188,1
DA:189,0
DA:190,1
DA:191,1
DA:193,1
DA:195,1
DA:196,1
DA:198,1
DA:199,1
DA:200,1
DA:201,1
DA:202,1
DA:213,1
DA:215,1
DA:221,1
DA:222,1
DA:225,1
DA:226,1
DA:229,1
DA:233,1
DA:235,1
DA:237,2
DA:253,1
DA:255,1
DA:256,1
DA:257,1
DA:258,1
DA:262,0
DA:266,1
DA:267,1
DA:271,0
DA:275,1
DA:276,1
DA:280,0
DA:299,1
DA:300,1
DA:313,0
DA:317,0
DA:318,0
DA:319,0
DA:320,0
DA:321,0
DA:322,0
DA:324,0
DA:326,0
DA:328,0
DA:334,0
DA:335,0
DA:337,0
DA:339,0
DA:340,0
DA:341,0
DA:342,0
DA:345,0
DA:346,0
DA:356,0
DA:358,0
DA:359,0
DA:360,0
DA:361,0
DA:362,0
DA:363,0
DA:369,0
DA:370,0
DA:371,0
DA:372,0
DA:379,0
DA:381,0
DA:382,0
DA:383,0
DA:385,0
DA:387,0
DA:388,0
DA:389,0
DA:392,0
DA:393,0
DA:396,0
DA:397,0
DA:398,0
DA:400,0
DA:402,0
DA:403,0
DA:404,0
DA:407,0
DA:408,0
DA:415,0
DA:418,0
DA:442,1
DA:449,1
DA:451,1
DA:452,1
DA:453,1
DA:454,1
DA:456,1
DA:458,1
DA:459,2
DA:461,1
DA:462,1
DA:463,3
DA:465,1
DA:466,1
LF:178
LH:119
end_of_record
SF:lib\screens\add_expense_screen.dart
DA:12,2
DA:14,0
DA:15,0
DA:30,0
DA:32,0
DA:33,0
DA:34,0
DA:35,0
DA:39,0
DA:40,0
DA:41,0
DA:44,0
DA:45,0
DA:46,0
DA:47,0
DA:48,0
DA:49,0
DA:53,0
DA:55,0
DA:56,0
DA:57,0
DA:58,0
DA:61,0
DA:62,0
DA:63,0
DA:65,0
DA:66,0
DA:67,0
DA:68,0
DA:69,0
DA:70,0
DA:71,0
DA:72,0
DA:74,0
DA:78,0
DA:79,0
DA:81,0
DA:87,0
DA:88,0
DA:89,0
DA:90,0
DA:91,0
DA:99,0
DA:100,0
DA:101,0
DA:102,0
DA:111,0
DA:112,0
DA:115,0
DA:116,0
DA:117,0
DA:118,0
DA:119,0
DA:128,0
DA:129,0
DA:131,0
DA:132,0
DA:133,0
DA:137,0
DA:138,0
DA:139,0
DA:144,0
DA:146,0
DA:147,0
DA:148,0
DA:149,0
DA:150,0
DA:151,0
DA:153,0
DA:154,0
DA:156,0
DA:159,0
DA:160,0
DA:161,0
DA:164,0
DA:165,0
DA:166,0
DA:167,0
DA:168,0
DA:169,0
DA:180,0
DA:182,0
DA:183,0
DA:184,0
DA:186,0
DA:188,0
DA:201,0
DA:202,0
DA:203,0
DA:204,0
DA:210,0
DA:211,0
DA:212,0
DA:216,0
DA:218,0
DA:221,0
DA:222,0
DA:226,0
DA:227,0
DA:235,0
DA:236,0
DA:237,0
DA:242,0
DA:244,0
DA:247,0
DA:248,0
DA:253,0
DA:254,0
DA:257,0
DA:265,0
DA:266,0
DA:272,0
DA:273,0
DA:274,0
DA:275,0
DA:276,0
DA:277,0
DA:279,0
DA:283,0
DA:284,0
DA:285,0
DA:286,0
DA:292,0
DA:293,0
DA:294,0
DA:300,0
DA:301,0
DA:308,0
DA:309,0
DA:310,0
DA:314,0
DA:316,0
DA:319,0
DA:320,0
DA:328,0
DA:329,0
DA:330,0
DA:332,0
DA:333,0
DA:336,0
DA:337,0
LF:141
LH:1
end_of_record
SF:lib\screens\expense_list_screen.dart
DA:12,2
DA:14,0
DA:15,0
DA:23,0
DA:25,0
DA:26,0
DA:29,0
DA:30,0
DA:31,0
DA:32,0
DA:36,0
DA:38,0
DA:39,0
DA:40,0
DA:45,0
DA:46,0
DA:48,0
DA:50,0
DA:52,0
DA:53,0
DA:54,0
DA:57,0
DA:90,0
DA:92,0
DA:93,0
DA:94,0
DA:97,0
DA:102,0
DA:103,0
DA:104,0
DA:105,0
DA:106,0
DA:107,0
DA:109,0
DA:118,0
DA:119,0
DA:120,0
DA:123,0
DA:125,0
DA:126,0
DA:127,0
DA:129,0
DA:130,0
DA:134,0
DA:136,0
DA:137,0
DA:140,0
DA:141,0
DA:142,0
DA:144,0
DA:145,0
DA:148,0
DA:151,0
DA:153,0
DA:155,0
DA:164,0
DA:165,0
DA:166,0
DA:167,0
DA:168,0
DA:170,0
DA:173,0
DA:174,0
DA:176,0
DA:178,0
DA:179,0
DA:180,0
DA:181,0
DA:182,0
DA:183,0
DA:185,0
DA:188,0
DA:190,0
DA:191,0
DA:193,0
DA:195,0
DA:196,0
DA:197,0
DA:204,0
DA:205,0
DA:208,0
DA:209,0
DA:212,0
DA:218,0
DA:219,0
DA:220,0
DA:221,0
DA:223,0
DA:225,0
DA:227,0
DA:228,0
DA:230,0
DA:231,0
DA:233,0
DA:235,0
DA:236,0
DA:238,0
DA:239,0
DA:240,0
DA:243,0
DA:244,0
DA:254,0
DA:255,0
DA:261,0
DA:262,0
DA:263,0
DA:264,0
DA:265,0
DA:267,0
DA:270,0
DA:276,0
DA:277,0
DA:278,0
DA:279,0
DA:286,0
DA:296,0
DA:297,0
DA:299,0
DA:300,0
DA:301,0
DA:303,0
DA:306,0
DA:307,0
DA:310,0
DA:311,0
DA:312,0
DA:314,0
DA:315,0
DA:317,0
DA:318,0
DA:319,0
DA:326,0
DA:327,0
DA:330,0
DA:331,0
DA:337,0
DA:338,0
DA:339,0
DA:346,0
DA:353,0
DA:354,0
LF:141
LH:1
end_of_record
SF:lib\screens\reports_screen.dart
DA:11,2
DA:13,0
DA:14,0
DA:22,0
DA:24,0
DA:25,0
DA:28,0
DA:29,0
DA:30,0
DA:31,0
DA:35,0
DA:37,0
DA:38,0
DA:39,0
DA:44,0
DA:45,0
DA:47,0
DA:48,0
DA:50,0
DA:51,0
DA:53,0
DA:54,0
DA:55,0
DA:59,0
DA:60,0
DA:67,0
DA:68,0
DA:70,0
DA:71,0
DA:72,0
DA:73,0
DA:74,0
DA:76,0
DA:78,0
DA:79,0
DA:80,0
DA:83,0
DA:84,0
DA:85,0
DA:87,0
DA:88,0
DA:91,0
DA:94,0
DA:96,0
DA:98,0
DA:106,0
DA:108,0
DA:110,0
DA:112,0
DA:113,0
DA:115,0
DA:116,0
DA:117,0
DA:118,0
DA:126,0
DA:127,0
DA:128,0
DA:129,0
DA:130,0
DA:133,0
DA:134,0
DA:137,0
DA:147,0
DA:148,0
DA:149,0
DA:150,0
DA:153,0
DA:154,0
DA:157,0
DA:171,0
DA:173,0
DA:175,0
DA:179,0
DA:180,0
DA:183,0
DA:184,0
DA:187,0
DA:189,0
DA:196,0
DA:197,0
DA:198,0
DA:200,0
DA:210,0
DA:220,0
DA:222,0
DA:223,0
DA:224,0
DA:225,0
DA:226,0
DA:227,0
DA:229,0
DA:231,0
DA:232,0
DA:233,0
DA:234,0
DA:242,0
DA:260,0
DA:261,0
DA:262,0
DA:263,0
DA:265,0
DA:267,0
DA:269,0
DA:270,0
DA:271,0
DA:272,0
DA:274,0
DA:275,0
DA:276,0
DA:277,0
DA:278,0
DA:280,0
DA:283,0
DA:284,0
DA:285,0
DA:288,0
DA:294,0
DA:295,0
DA:296,0
DA:297,0
LF:120
LH:1
end_of_record
